Using pre-set license
Built from '2021.3/staging' branch; Version is '2021.3.9f1 (ad3870b89536) revision 11352176'; Using compiler version '192829333'; Build Type 'Release'
OS: 'Windows 10  (10.0.18363) 64bit Professional' Language: 'en' Physical Memory: 6029 MB
BatchMode: 1, IsHumanControllingUs: 0, StartBugReporterOnCrash: 0, Is64bit: 1, IsPro: 1

COMMAND LINE ARGUMENTS:
C:\Program Files\Unity\Hub\Editor\2021.3.9f1\Editor\Unity.exe
-adb2
-batchMode
-noUpm
-name
AssetImportWorker1
-projectPath
D:/Projects/FinalProject/proj
-logFile
Logs/AssetImportWorker1.log
-srvPort
5672
Successfully changed project path to: D:/Projects/FinalProject/proj
D:/Projects/FinalProject/proj
[UnityMemory] Configuration Parameters - Can be set up in boot.config
    "memorysetup-bucket-allocator-granularity=16"
    "memorysetup-bucket-allocator-bucket-count=8"
    "memorysetup-bucket-allocator-block-size=33554432"
    "memorysetup-bucket-allocator-block-count=8"
    "memorysetup-main-allocator-block-size=16777216"
    "memorysetup-thread-allocator-block-size=16777216"
    "memorysetup-gfx-main-allocator-block-size=16777216"
    "memorysetup-gfx-thread-allocator-block-size=16777216"
    "memorysetup-cache-allocator-block-size=4194304"
    "memorysetup-typetree-allocator-block-size=2097152"
    "memorysetup-profiler-bucket-allocator-granularity=16"
    "memorysetup-profiler-bucket-allocator-bucket-count=8"
    "memorysetup-profiler-bucket-allocator-block-size=33554432"
    "memorysetup-profiler-bucket-allocator-block-count=8"
    "memorysetup-profiler-allocator-block-size=16777216"
    "memorysetup-profiler-editor-allocator-block-size=1048576"
    "memorysetup-temp-allocator-size-main=16777216"
    "memorysetup-job-temp-allocator-block-size=2097152"
    "memorysetup-job-temp-allocator-block-size-background=1048576"
    "memorysetup-job-temp-allocator-reduction-small-platforms=262144"
    "memorysetup-temp-allocator-size-background-worker=32768"
    "memorysetup-temp-allocator-size-job-worker=262144"
    "memorysetup-temp-allocator-size-preload-manager=33554432"
    "memorysetup-temp-allocator-size-nav-mesh-worker=65536"
    "memorysetup-temp-allocator-size-audio-worker=65536"
    "memorysetup-temp-allocator-size-cloud-worker=32768"
    "memorysetup-temp-allocator-size-gi-baking-worker=262144"
    "memorysetup-temp-allocator-size-gfx=262144"
Refreshing native plugins compatible for Editor in 168.80 ms, found 3 plugins.
Preloading 0 native plugins for Editor in 0.00 ms.
Initialize engine version: 2021.3.9f1 (ad3870b89536)
[Subsystems] Discovering subsystems at path C:/Program Files/Unity/Hub/Editor/2021.3.9f1/Editor/Data/Resources/UnitySubsystems
[Subsystems] Discovering subsystems at path D:/Projects/FinalProject/proj/Assets
GfxDevice: creating device client; threaded=0; jobified=0
Direct3D:
    Version:  Direct3D 11.0 [level 11.0]
    Renderer: NVIDIA GeForce GT 720M (ID=0x1140)
    Vendor:   NVIDIA
    VRAM:     1990 MB
    Driver:   23.21.13.9135
Invalid texture used for cursor - check importer settings or texture creation. Texture must be RGBA32, readable, have alphaIsTransparency enabled and have no mip chain.
Failed to set the cursor because the specified texture ('icon') was not CPU accessible.
Initialize mono
Mono path[0] = 'C:/Program Files/Unity/Hub/Editor/2021.3.9f1/Editor/Data/Managed'
Mono path[1] = 'C:/Program Files/Unity/Hub/Editor/2021.3.9f1/Editor/Data/MonoBleedingEdge/lib/mono/unityjit-win32'
Mono config path = 'C:/Program Files/Unity/Hub/Editor/2021.3.9f1/Editor/Data/MonoBleedingEdge/etc'
Using monoOptions --debugger-agent=transport=dt_socket,embedding=1,server=y,suspend=n,address=127.0.0.1:56276
Begin MonoManager ReloadAssembly
Registering precompiled unity dll's ...
Register platform support module: C:/Program Files/Unity/Hub/Editor/2021.3.9f1/Editor/Data/PlaybackEngines/WebGLSupport/UnityEditor.WebGL.Extensions.dll
Register platform support module: C:/Program Files/Unity/Hub/Editor/2021.3.9f1/Editor/Data/PlaybackEngines/AndroidPlayer/UnityEditor.Android.Extensions.dll
Register platform support module: C:/Program Files/Unity/Hub/Editor/2021.3.9f1/Editor/Data/PlaybackEngines/WindowsStandaloneSupport/UnityEditor.WindowsStandalone.Extensions.dll
Registered in 0.017998 seconds.
Native extension for WindowsStandalone target not found
Native extension for Android target not found
Native extension for WebGL target not found
Refreshing native plugins compatible for Editor in 175.27 ms, found 3 plugins.
Preloading 0 native plugins for Editor in 0.00 ms.
Mono: successfully reloaded assembly
- Completed reload, in  1.778 seconds
Domain Reload Profiling:
	ReloadAssembly (1779ms)
		BeginReloadAssembly (318ms)
			ExecutionOrderSort (0ms)
			DisableScriptedObjects (0ms)
			BackupInstance (0ms)
			ReleaseScriptingObjects (0ms)
			CreateAndSetChildDomain (1ms)
		EndReloadAssembly (1138ms)
			LoadAssemblies (312ms)
			RebuildTransferFunctionScriptingTraits (0ms)
			SetupTypeCache (281ms)
			ReleaseScriptCaches (0ms)
			RebuildScriptCaches (63ms)
			SetupLoadedEditorAssemblies (703ms)
				LogAssemblyErrors (0ms)
				InitializePlatformSupportModulesInManaged (159ms)
				SetLoadedEditorAssemblies (1ms)
				RefreshPlugins (175ms)
				BeforeProcessingInitializeOnLoad (3ms)
				ProcessInitializeOnLoadAttributes (252ms)
				ProcessInitializeOnLoadMethodAttributes (112ms)
				AfterProcessingInitializeOnLoad (0ms)
				EditorAssembliesLoaded (0ms)
			ExecutionOrderSort2 (0ms)
			AwakeInstancesAfterBackupRestoration (0ms)
Platform modules already initialized, skipping
Registering precompiled user dll's ...
Registered in 0.005804 seconds.
Begin MonoManager ReloadAssembly
Symbol file LoadedFromMemory doesn't match image D:\Projects\FinalProject\proj\Library\PackageCache\com.unity.visualscripting@1.8.0\Editor\VisualScripting.Core\Dependencies\YamlDotNet\Unity.VisualScripting.YamlDotNet.dll
Symbol file LoadedFromMemory doesn't match image D:\Projects\FinalProject\proj\Library\PackageCache\com.unity.visualscripting@1.8.0\Editor\VisualScripting.Core\Dependencies\DotNetZip\Unity.VisualScripting.IonicZip.dll
Native extension for WindowsStandalone target not found
Native extension for Android target not found
Native extension for WebGL target not found
Refreshing native plugins compatible for Editor in 1.10 ms, found 3 plugins.
Preloading 0 native plugins for Editor in 0.00 ms.
Mono: successfully reloaded assembly
- Completed reload, in  2.792 seconds
Domain Reload Profiling:
	ReloadAssembly (2794ms)
		BeginReloadAssembly (486ms)
			ExecutionOrderSort (0ms)
			DisableScriptedObjects (22ms)
			BackupInstance (0ms)
			ReleaseScriptingObjects (0ms)
			CreateAndSetChildDomain (143ms)
		EndReloadAssembly (1888ms)
			LoadAssemblies (442ms)
			RebuildTransferFunctionScriptingTraits (0ms)
			SetupTypeCache (564ms)
			ReleaseScriptCaches (1ms)
			RebuildScriptCaches (124ms)
			SetupLoadedEditorAssemblies (786ms)
				LogAssemblyErrors (0ms)
				InitializePlatformSupportModulesInManaged (37ms)
				SetLoadedEditorAssemblies (2ms)
				RefreshPlugins (1ms)
				BeforeProcessingInitializeOnLoad (192ms)
				ProcessInitializeOnLoadAttributes (496ms)
				ProcessInitializeOnLoadMethodAttributes (39ms)
				AfterProcessingInitializeOnLoad (18ms)
				EditorAssembliesLoaded (0ms)
			ExecutionOrderSort2 (0ms)
			AwakeInstancesAfterBackupRestoration (13ms)
Platform modules already initialized, skipping
========================================================================
Worker process is ready to serve import requests
Launched and connected shader compiler UnityShaderCompiler.exe after 0.18 seconds
Refreshing native plugins compatible for Editor in 1.56 ms, found 3 plugins.
Preloading 0 native plugins for Editor in 0.00 ms.
Unloading 3003 Unused Serialized files (Serialized files now loaded: 0)
Unloading 21 unused Assets / (55.3 KB). Loaded Objects now: 3470.
Memory consumption went from 110.0 MB to 109.9 MB.
Total: 7.233300 ms (FindLiveObjects: 0.581000 ms CreateObjectMapping: 0.257700 ms MarkObjects: 6.232800 ms  DeleteObjects: 0.159200 ms)

AssetImportParameters requested are different than current active one (requested -> active):
  custom:video-decoder-ogg-theora: a1e56fd34408186e4bbccfd4996cb3dc -> 
  custom:container-muxer-webm: aa71ff27fc2769a1b78a27578f13a17b -> 
  custom:container-demuxer-webm: 4f35f7cbe854078d1ac9338744f61a02 -> 
  custom:video-encoder-webm-vp8: eb34c28f22e8b96e1ab97ce403110664 -> 
  custom:audio-encoder-webm-vorbis: bf7c407c2cedff20999df2af8eb42d56 -> 
  custom:framework-win-MediaFoundation: 216162199b28c13a410421893ffa2e32 -> 
  custom:container-demuxer-ogg: 62fdf1f143b41e24485cea50d1cbac27 -> 
  custom:video-decoder-webm-vp8: 9c59270c3fd7afecdb556c50c9e8de78 -> 
  custom:audio-decoder-ogg-vorbis: bf7c407c2cedff20999df2af8eb42d56 -> 
========================================================================
Received Import Request.
  Time since last request: 1900869.736944 seconds.
  path: Assets/Prefabs/audio manager.prefab
  artifactKey: Guid(6fbdb996477112345a7031fc9d7c6b09) Importer(815301076,1909f56bfc062723c751e8b465ee728b)
Start importing Assets/Prefabs/audio manager.prefab using Guid(6fbdb996477112345a7031fc9d7c6b09) Importer(815301076,1909f56bfc062723c751e8b465ee728b)  -> (artifact id: '1a7a3a4f40601bc73c1ddf26b1b63f9d') in 0.236895 seconds 
========================================================================
Received Import Request.
  Time since last request: 0.000042 seconds.
  path: Assets/Prefabs/questtion back.prefab
  artifactKey: Guid(c2a4cb96b3631cf428850c3835b58ea3) Importer(815301076,1909f56bfc062723c751e8b465ee728b)
Start importing Assets/Prefabs/questtion back.prefab using Guid(c2a4cb96b3631cf428850c3835b58ea3) Importer(815301076,1909f56bfc062723c751e8b465ee728b)  -> (artifact id: '2e554c6cd44546da51ab7618a745b669') in 0.186352 seconds 
========================================================================
Received Import Request.
  Time since last request: 0.000060 seconds.
  path: Assets/Prefabs/star.prefab
  artifactKey: Guid(3b8190bca493b9f4d8c63842095dd558) Importer(815301076,1909f56bfc062723c751e8b465ee728b)
Start importing Assets/Prefabs/star.prefab using Guid(3b8190bca493b9f4d8c63842095dd558) Importer(815301076,1909f56bfc062723c751e8b465ee728b)  -> (artifact id: 'ed4d0c98cb96a13860a83df41652d2a4') in 0.024616 seconds 
========================================================================
Received Import Request.
  Time since last request: 0.000043 seconds.
  path: Assets/Prefabs/stars.prefab
  artifactKey: Guid(bc87cd2f14e727549be0938b584e1e44) Importer(815301076,1909f56bfc062723c751e8b465ee728b)
Start importing Assets/Prefabs/stars.prefab using Guid(bc87cd2f14e727549be0938b584e1e44) Importer(815301076,1909f56bfc062723c751e8b465ee728b)  -> (artifact id: 'b477a353d2ea2c204b5195ef58845c52') in 0.031635 seconds 
========================================================================
Received Import Request.
  Time since last request: 0.000040 seconds.
  path: Assets/Prefabs/up side.prefab
  artifactKey: Guid(ec60dbde98679244abc34de6544c1bd5) Importer(815301076,1909f56bfc062723c751e8b465ee728b)
Start importing Assets/Prefabs/up side.prefab using Guid(ec60dbde98679244abc34de6544c1bd5) Importer(815301076,1909f56bfc062723c751e8b465ee728b)  -> (artifact id: 'ae220a2763790482f9eca74248cbecbb') in 0.156316 seconds 
========================================================================
Received Import Request.
  Time since last request: 14.147128 seconds.
  path: Assets/Prefabs/level/level2.prefab
  artifactKey: Guid(4d52da47c91c2534195ad4583df2a8f4) Importer(815301076,1909f56bfc062723c751e8b465ee728b)
Start importing Assets/Prefabs/level/level2.prefab using Guid(4d52da47c91c2534195ad4583df2a8f4) Importer(815301076,1909f56bfc062723c751e8b465ee728b)  -> (artifact id: '531f3cc9777b0cb7e148e9eed52d3976') in 0.932613 seconds 
========================================================================
Received Import Request.
  Time since last request: 83.879441 seconds.
  path: Assets/Animations/compressed/1-1.mp4
  artifactKey: Guid(bb35d0641241e6d4e816ac0c1192e55a) Importer(815301076,1909f56bfc062723c751e8b465ee728b)
Start importing Assets/Animations/compressed/1-1.mp4 using Guid(bb35d0641241e6d4e816ac0c1192e55a) Importer(815301076,1909f56bfc062723c751e8b465ee728b)  -> (artifact id: '8995807959b98ebd4c81a1a8789f917f') in 0.130687 seconds 
========================================================================
Received Import Request.
  Time since last request: 0.000044 seconds.
  path: Assets/Animations/compressed/texture3.renderTexture
  artifactKey: Guid(d73b4cd89f122544187dbb117b25ceee) Importer(815301076,1909f56bfc062723c751e8b465ee728b)
Start importing Assets/Animations/compressed/texture3.renderTexture using Guid(d73b4cd89f122544187dbb117b25ceee) Importer(815301076,1909f56bfc062723c751e8b465ee728b)  -> (artifact id: 'd62b32829aca61fa2b451c3c7a10fe48') in 0.085448 seconds 
========================================================================
Received Import Request.
  Time since last request: 0.000062 seconds.
  path: Assets/Animations/compressed/lp.mp4
  artifactKey: Guid(ca5143652c66b9743aa39a2a140145e9) Importer(815301076,1909f56bfc062723c751e8b465ee728b)
Start importing Assets/Animations/compressed/lp.mp4 using Guid(ca5143652c66b9743aa39a2a140145e9) Importer(815301076,1909f56bfc062723c751e8b465ee728b)  -> (artifact id: '40aa5778c39b48c4154bbda216400ba3') in 0.026898 seconds 
========================================================================
Received Import Request.
  Time since last request: 0.000042 seconds.
  path: Assets/Animations/compressed/texture1.renderTexture
  artifactKey: Guid(5b083f3486711e3409d654e66fdf3c09) Importer(815301076,1909f56bfc062723c751e8b465ee728b)
Start importing Assets/Animations/compressed/texture1.renderTexture using Guid(5b083f3486711e3409d654e66fdf3c09) Importer(815301076,1909f56bfc062723c751e8b465ee728b)  -> (artifact id: 'a3162f023ad89f431ae5db1e9f4f714d') in 0.037676 seconds 
========================================================================
Received Import Request.
  Time since last request: 0.000047 seconds.
  path: Assets/Animations/compressed/texture2.renderTexture
  artifactKey: Guid(6dac7fdcd19fb954a888a158c8b7b1cc) Importer(815301076,1909f56bfc062723c751e8b465ee728b)
Start importing Assets/Animations/compressed/texture2.renderTexture using Guid(6dac7fdcd19fb954a888a158c8b7b1cc) Importer(815301076,1909f56bfc062723c751e8b465ee728b)  -> (artifact id: '7d4636fb212943732f3343fb7395c7b2') in 0.043602 seconds 
========================================================================
Received Import Request.
  Time since last request: 0.000048 seconds.
  path: Assets/Animations/compressed/2-2.mp4
  artifactKey: Guid(751aeac07918cf14c8d3fd5ccc600ed3) Importer(815301076,1909f56bfc062723c751e8b465ee728b)
Start importing Assets/Animations/compressed/2-2.mp4 using Guid(751aeac07918cf14c8d3fd5ccc600ed3) Importer(815301076,1909f56bfc062723c751e8b465ee728b)  -> (artifact id: 'c714ad97a802474ce2d5808131488159') in 0.023798 seconds 
========================================================================
Received Import Request.
  Time since last request: 0.000041 seconds.
  path: Assets/Animations/compressed/3-2.mp4
  artifactKey: Guid(2ab230d5333e0d345b0ed95ff4961bbb) Importer(815301076,1909f56bfc062723c751e8b465ee728b)
Start importing Assets/Animations/compressed/3-2.mp4 using Guid(2ab230d5333e0d345b0ed95ff4961bbb) Importer(815301076,1909f56bfc062723c751e8b465ee728b)  -> (artifact id: 'd1212e71996e94e5f2dd854b0d1b989a') in 0.019449 seconds 
========================================================================
Received Import Request.
  Time since last request: 382.058626 seconds.
  path: Assets/Sprites/Prelevel1/3GOSH.png
  artifactKey: Guid(4b5c6891052c7dd44bf86be0a651a0a5) Importer(815301076,1909f56bfc062723c751e8b465ee728b)
Start importing Assets/Sprites/Prelevel1/3GOSH.png using Guid(4b5c6891052c7dd44bf86be0a651a0a5) Importer(815301076,1909f56bfc062723c751e8b465ee728b)  -> (artifact id: '3f7505d36c3ac71c5de87cdf3346507c') in 0.120303 seconds 
========================================================================
Received Import Request.
  Time since last request: 0.000056 seconds.
  path: Assets/Sprites/Prelevel1/3GOSH2.png
  artifactKey: Guid(2ab966d857926644fbc669854c013d01) Importer(815301076,1909f56bfc062723c751e8b465ee728b)
Start importing Assets/Sprites/Prelevel1/3GOSH2.png using Guid(2ab966d857926644fbc669854c013d01) Importer(815301076,1909f56bfc062723c751e8b465ee728b)  -> (artifact id: 'ae73a798b430ecc87adb5a8083de6b22') in 0.077504 seconds 
========================================================================
Received Import Request.
  Time since last request: 0.000057 seconds.
  path: Assets/Sprites/Prelevel1/F2.png
  artifactKey: Guid(83d1e5b30ceac5249acaebcd26a42d73) Importer(815301076,1909f56bfc062723c751e8b465ee728b)
Start importing Assets/Sprites/Prelevel1/F2.png using Guid(83d1e5b30ceac5249acaebcd26a42d73) Importer(815301076,1909f56bfc062723c751e8b465ee728b)  -> (artifact id: '9f0e27f9e17bb1e147ccd03619c47e9d') in 0.074540 seconds 
========================================================================
Received Prepare
Registering precompiled user dll's ...
Registered in 0.004970 seconds.
Begin MonoManager ReloadAssembly
Symbol file LoadedFromMemory doesn't match image D:\Projects\FinalProject\proj\Library\PackageCache\com.unity.visualscripting@1.8.0\Editor\VisualScripting.Core\Dependencies\YamlDotNet\Unity.VisualScripting.YamlDotNet.dll
Symbol file LoadedFromMemory doesn't match image D:\Projects\FinalProject\proj\Library\PackageCache\com.unity.visualscripting@1.8.0\Editor\VisualScripting.Core\Dependencies\DotNetZip\Unity.VisualScripting.IonicZip.dll
Native extension for WindowsStandalone target not found
Native extension for Android target not found
Native extension for WebGL target not found
Refreshing native plugins compatible for Editor in 0.79 ms, found 3 plugins.
Preloading 0 native plugins for Editor in 0.00 ms.
Mono: successfully reloaded assembly
- Completed reload, in  2.097 seconds
Domain Reload Profiling:
	ReloadAssembly (2098ms)
		BeginReloadAssembly (358ms)
			ExecutionOrderSort (0ms)
			DisableScriptedObjects (12ms)
			BackupInstance (0ms)
			ReleaseScriptingObjects (0ms)
			CreateAndSetChildDomain (70ms)
		EndReloadAssembly (1522ms)
			LoadAssemblies (258ms)
			RebuildTransferFunctionScriptingTraits (0ms)
			SetupTypeCache (551ms)
			ReleaseScriptCaches (2ms)
			RebuildScriptCaches (91ms)
			SetupLoadedEditorAssemblies (648ms)
				LogAssemblyErrors (0ms)
				InitializePlatformSupportModulesInManaged (53ms)
				SetLoadedEditorAssemblies (1ms)
				RefreshPlugins (1ms)
				BeforeProcessingInitializeOnLoad (111ms)
				ProcessInitializeOnLoadAttributes (419ms)
				ProcessInitializeOnLoadMethodAttributes (45ms)
				AfterProcessingInitializeOnLoad (18ms)
				EditorAssembliesLoaded (0ms)
			ExecutionOrderSort2 (0ms)
			AwakeInstancesAfterBackupRestoration (12ms)
Platform modules already initialized, skipping
Refreshing native plugins compatible for Editor in 2.87 ms, found 3 plugins.
Preloading 0 native plugins for Editor in 0.00 ms.
Unloading 2973 Unused Serialized files (Serialized files now loaded: 0)
Unloading 16 unused Assets / (26.3 KB). Loaded Objects now: 3492.
Memory consumption went from 112.1 MB to 112.0 MB.
Total: 5.747700 ms (FindLiveObjects: 0.415200 ms CreateObjectMapping: 0.406300 ms MarkObjects: 4.853500 ms  DeleteObjects: 0.071000 ms)

AssetImportParameters requested are different than current active one (requested -> active):
  custom:video-decoder-ogg-theora: a1e56fd34408186e4bbccfd4996cb3dc -> 
  custom:container-muxer-webm: aa71ff27fc2769a1b78a27578f13a17b -> 
  custom:container-demuxer-webm: 4f35f7cbe854078d1ac9338744f61a02 -> 
  custom:video-encoder-webm-vp8: eb34c28f22e8b96e1ab97ce403110664 -> 
  custom:audio-encoder-webm-vorbis: bf7c407c2cedff20999df2af8eb42d56 -> 
  custom:framework-win-MediaFoundation: 216162199b28c13a410421893ffa2e32 -> 
  custom:container-demuxer-ogg: 62fdf1f143b41e24485cea50d1cbac27 -> 
  custom:video-decoder-webm-vp8: 9c59270c3fd7afecdb556c50c9e8de78 -> 
  custom:audio-decoder-ogg-vorbis: bf7c407c2cedff20999df2af8eb42d56 -> 
========================================================================
Received Import Request.
  Time since last request: 466.599940 seconds.
  path: Assets/music/congrats.mp3
  artifactKey: Guid(41ffa533e0140314fbdececf7762435b) Importer(815301076,1909f56bfc062723c751e8b465ee728b)
Start importing Assets/music/congrats.mp3 using Guid(41ffa533e0140314fbdececf7762435b) Importer(815301076,1909f56bfc062723c751e8b465ee728b)  -> (artifact id: '640eb56dbff65795a296a30962a60e78') in 0.506157 seconds 
========================================================================
Received Import Request.
  Time since last request: 0.000073 seconds.
  path: Assets/music/main.mp3
  artifactKey: Guid(5be874f6d77db4b44a25bda1736a04ee) Importer(815301076,1909f56bfc062723c751e8b465ee728b)
Start importing Assets/music/main.mp3 using Guid(5be874f6d77db4b44a25bda1736a04ee) Importer(815301076,1909f56bfc062723c751e8b465ee728b)  -> (artifact id: '3eda2ab83a1726bce748bd81015ac2a5') in 0.086086 seconds 
